SF:/Users/gonk/development/kmdb/packages/kmdb_cli/lib/platform_utils.dart
DA:5,1
DA:6,1
LF:2
LH:2
end_of_record
SF:/Users/gonk/development/kmdb/packages/kmdb_cli/lib/db_manager.dart
DA:6,1
DA:7,1
DA:8,1
DA:9,1
LF:4
LH:4
end_of_record
SF:/Users/gonk/development/kmdb/packages/kmdb_cli/lib/metadata_manager.dart
DA:5,1
DA:6,0
DA:7,1
DA:13,1
DA:15,1
DA:20,1
DA:22,1
LF:7
LH:6
end_of_record
SF:/Users/gonk/development/kmdb/packages/kmdb_cli/lib/arg_parser.dart
DA:9,1
DA:27,1
DA:30,1
DA:32,3
DA:33,1
DA:34,1
DA:35,1
DA:37,4
DA:38,3
DA:40,3
DA:41,2
DA:46,0
DA:50,2
DA:53,1
DA:54,2
DA:57,1
DA:60,1
LF:17
LH:16
end_of_record
