SF:/Users/gonk/development/kmdb/packages/kmdb_cli/lib/maintenance_manager.dart
DA:6,1
DA:7,1
DA:9,1
DA:10,1
DA:12,1
DA:17,1
DA:18,1
DA:20,1
DA:27,1
DA:32,1
DA:33,1
DA:34,1
DA:35,0
DA:37,1
LF:14
LH:13
end_of_record
SF:/Users/gonk/development/kmdb/packages/kmdb_cli/lib/platform_utils.dart
DA:5,1
DA:6,1
LF:2
LH:2
end_of_record
SF:/Users/gonk/development/kmdb/packages/kmdb_cli/lib/db_manager.dart
DA:6,1
DA:7,1
DA:8,1
DA:9,1
LF:4
LH:4
end_of_record
SF:/Users/gonk/development/kmdb/packages/kmdb_cli/lib/metadata_manager.dart
DA:5,1
DA:6,0
DA:7,1
DA:13,1
DA:15,1
DA:20,1
DA:22,1
LF:7
LH:6
end_of_record
SF:/Users/gonk/development/kmdb/packages/kmdb_cli/lib/repl.dart
DA:11,1
DA:15,1
DA:16,0
DA:18,2
DA:19,2
DA:20,2
DA:23,4
DA:27,0
DA:28,0
DA:29,0
DA:30,0
DA:31,0
DA:32,0
DA:33,0
LF:14
LH:6
end_of_record
SF:/Users/gonk/development/kmdb/packages/kmdb_cli/lib/arg_parser.dart
DA:9,1
DA:27,1
DA:30,1
DA:32,3
DA:33,1
DA:34,1
DA:35,1
DA:37,4
DA:38,3
DA:40,3
DA:41,2
DA:46,0
DA:50,2
DA:53,1
DA:54,2
DA:57,1
DA:60,1
LF:17
LH:16
end_of_record
SF:/Users/gonk/development/kmdb/packages/kmdb_cli/lib/batch_runner.dart
DA:8,1
DA:11,1
DA:12,2
DA:13,1
DA:14,1
DA:15,3
LF:6
LH:6
end_of_record
