SF:/Users/gonk/development/kmdb/lib/src/storage_engine.dart
DA:6,1
DA:7,4
DA:8,2
DA:9,4
DA:10,3
DA:12,3
DA:22,1
DA:24,1
DA:25,2
DA:26,1
DA:27,1
DA:30,1
DA:31,2
DA:34,1
DA:35,2
DA:36,1
DA:37,1
DA:40,2
DA:42,1
DA:43,1
DA:45,4
DA:47,9
DA:56,1
DA:57,2
DA:59,1
DA:60,1
DA:61,2
DA:62,2
DA:66,1
DA:67,2
DA:70,1
DA:71,2
DA:72,5
DA:73,1
DA:76,1
DA:77,2
DA:78,5
DA:79,3
DA:80,5
DA:81,1
DA:84,1
DA:85,2
DA:86,1
DA:87,1
DA:89,1
DA:91,3
DA:92,3
DA:93,1
DA:95,1
DA:97,1
DA:100,2
DA:101,2
DA:102,4
DA:105,1
DA:106,2
DA:107,1
DA:108,2
LF:57
LH:57
end_of_record
SF:/Users/gonk/development/kmdb/lib/src/storage_format.dart
DA:8,2
DA:13,2
DA:15,4
DA:16,2
DA:18,4
DA:19,2
DA:26,2
DA:27,2
DA:30,4
DA:33,10
DA:34,2
DA:35,2
DA:38,10
DA:39,2
DA:40,2
DA:42,2
DA:47,2
DA:48,8
DA:52,2
DA:53,2
DA:56,2
DA:57,2
DA:58,4
DA:59,2
DA:62,2
DA:63,2
DA:64,4
DA:66,2
DA:67,2
DA:68,2
DA:71,2
DA:75,1
DA:76,1
DA:78,5
DA:79,1
DA:81,2
DA:82,4
DA:85,1
DA:89,1
DA:90,4
DA:93,1
DA:94,1
DA:96,1
DA:97,2
DA:99,1
DA:100,1
DA:104,9
DA:106,1
LF:48
LH:48
end_of_record
SF:/Users/gonk/development/kmdb/lib/src/kmdb_base.dart
DA:5,1
LF:1
LH:1
end_of_record
